<?xml version="1.0" encoding="UTF-8"?>
<testsuite name="callers.data.CallersDataPluginTest" tests="1" skipped="0" failures="0" errors="0" timestamp="2023-07-08T13:19:36" hostname="LAPTOP-DHOE90V4" time="2.408">
  <properties/>
  <testcase name="pluginRegistersATask()" classname="callers.data.CallersDataPluginTest" time="2.408"/>
  <system-out><![CDATA[]]></system-out>
  <system-err><![CDATA[]]></system-err>
</testsuite>
